[2025-09-20T17:04:59.868+0000] {manager.py:469} INFO - Processing files using up to 2 processes at a time 
[2025-09-20T17:04:59.873+0000] {manager.py:470} INFO - Process each file at most once every 30 seconds
[2025-09-20T17:04:59.874+0000] {manager.py:471} INFO - Checking for new files in /opt/airflow/dags every 300 seconds
[2025-09-20T17:04:59.875+0000] {manager.py:738} INFO - Searching for files in /opt/airflow/dags
[2025-09-20T17:04:59.879+0000] {manager.py:741} INFO - There are 0 files in /opt/airflow/dags
[2025-09-20T17:07:34.742+0000] {manager.py:469} INFO - Processing files using up to 2 processes at a time 
[2025-09-20T17:07:34.744+0000] {manager.py:470} INFO - Process each file at most once every 30 seconds
[2025-09-20T17:07:34.744+0000] {manager.py:471} INFO - Checking for new files in /opt/airflow/dags every 300 seconds
[2025-09-20T17:07:34.745+0000] {manager.py:738} INFO - Searching for files in /opt/airflow/dags
[2025-09-20T17:07:34.748+0000] {manager.py:741} INFO - There are 0 files in /opt/airflow/dags
[2025-09-20T17:12:34.765+0000] {manager.py:738} INFO - Searching for files in /opt/airflow/dags
[2025-09-20T17:12:34.785+0000] {manager.py:741} INFO - There are 0 files in /opt/airflow/dags
[2025-09-20T17:15:34.132+0000] {manager.py:469} INFO - Processing files using up to 2 processes at a time 
[2025-09-20T17:15:34.133+0000] {manager.py:470} INFO - Process each file at most once every 30 seconds
[2025-09-20T17:15:34.133+0000] {manager.py:471} INFO - Checking for new files in /opt/airflow/dags every 300 seconds
[2025-09-20T17:15:34.134+0000] {manager.py:738} INFO - Searching for files in /opt/airflow/dags
[2025-09-20T17:15:34.152+0000] {manager.py:741} INFO - There are 1 files in /opt/airflow/dags
[2025-09-20T17:15:34.234+0000] {manager.py:879} INFO - 
================================================================================
DAG File Processing Stats

File Path                        PID  Runtime      # DAGs    # Errors  Last Runtime    Last Run
-----------------------------  -----  ---------  --------  ----------  --------------  ----------
/opt/airflow/dags/test_dag.py    216  0.04s             0           0
================================================================================
[2025-09-20T17:16:04.379+0000] {manager.py:879} INFO - 
================================================================================
DAG File Processing Stats

File Path                        PID  Runtime      # DAGs    # Errors  Last Runtime    Last Run
-----------------------------  -----  ---------  --------  ----------  --------------  -------------------
/opt/airflow/dags/test_dag.py    239  0.01s             1           0  0.12s           2025-09-20T17:15:34
================================================================================
[2025-09-20T17:16:34.572+0000] {manager.py:879} INFO - 
================================================================================
DAG File Processing Stats

File Path                      PID    Runtime      # DAGs    # Errors  Last Runtime    Last Run
-----------------------------  -----  ---------  --------  ----------  --------------  -------------------
/opt/airflow/dags/test_dag.py                           1           0  0.23s           2025-09-20T17:16:04
================================================================================
[2025-09-20T17:17:04.862+0000] {manager.py:879} INFO - 
================================================================================
DAG File Processing Stats

File Path                        PID  Runtime      # DAGs    # Errors  Last Runtime    Last Run
-----------------------------  -----  ---------  --------  ----------  --------------  -------------------
/opt/airflow/dags/test_dag.py    261  0.01s             1           0  0.13s           2025-09-20T17:16:34
================================================================================
[2025-09-20T17:17:35.090+0000] {manager.py:879} INFO - 
================================================================================
DAG File Processing Stats

File Path                        PID  Runtime      # DAGs    # Errors  Last Runtime    Last Run
-----------------------------  -----  ---------  --------  ----------  --------------  -------------------
/opt/airflow/dags/test_dag.py    266  0.01s             1           0  0.20s           2025-09-20T17:17:05
================================================================================
[2025-09-20T17:18:05.313+0000] {manager.py:879} INFO - 
================================================================================
DAG File Processing Stats

File Path                        PID  Runtime      # DAGs    # Errors  Last Runtime    Last Run
-----------------------------  -----  ---------  --------  ----------  --------------  -------------------
/opt/airflow/dags/test_dag.py    271  0.01s             1           0  0.12s           2025-09-20T17:17:35
================================================================================
[2025-09-20T17:18:35.466+0000] {manager.py:879} INFO - 
================================================================================
DAG File Processing Stats

File Path                        PID  Runtime      # DAGs    # Errors  Last Runtime    Last Run
-----------------------------  -----  ---------  --------  ----------  --------------  -------------------
/opt/airflow/dags/test_dag.py    276  0.01s             1           0  0.11s           2025-09-20T17:18:05
================================================================================
[2025-09-20T17:19:05.666+0000] {manager.py:879} INFO - 
================================================================================
DAG File Processing Stats

File Path                        PID  Runtime      # DAGs    # Errors  Last Runtime    Last Run
-----------------------------  -----  ---------  --------  ----------  --------------  -------------------
/opt/airflow/dags/test_dag.py    281  0.01s             1           0  0.11s           2025-09-20T17:18:35
================================================================================
[2025-09-20T17:19:35.833+0000] {manager.py:879} INFO - 
================================================================================
DAG File Processing Stats

File Path                        PID  Runtime      # DAGs    # Errors  Last Runtime    Last Run
-----------------------------  -----  ---------  --------  ----------  --------------  -------------------
/opt/airflow/dags/test_dag.py    286  0.01s             1           0  0.11s           2025-09-20T17:19:05
================================================================================
[2025-09-20T17:20:06.016+0000] {manager.py:879} INFO - 
================================================================================
DAG File Processing Stats

File Path                        PID  Runtime      # DAGs    # Errors  Last Runtime    Last Run
-----------------------------  -----  ---------  --------  ----------  --------------  -------------------
/opt/airflow/dags/test_dag.py    291  0.01s             1           0  0.11s           2025-09-20T17:19:35
================================================================================
[2025-09-20T17:20:34.160+0000] {manager.py:738} INFO - Searching for files in /opt/airflow/dags
[2025-09-20T17:20:34.178+0000] {manager.py:741} INFO - There are 1 files in /opt/airflow/dags
[2025-09-20T17:20:36.210+0000] {manager.py:879} INFO - 
================================================================================
DAG File Processing Stats

File Path                        PID  Runtime      # DAGs    # Errors  Last Runtime    Last Run
-----------------------------  -----  ---------  --------  ----------  --------------  -------------------
/opt/airflow/dags/test_dag.py    296  0.01s             1           0  0.10s           2025-09-20T17:20:06
================================================================================
[2025-09-20T17:21:06.366+0000] {manager.py:879} INFO - 
================================================================================
DAG File Processing Stats

File Path                        PID  Runtime      # DAGs    # Errors  Last Runtime    Last Run
-----------------------------  -----  ---------  --------  ----------  --------------  -------------------
/opt/airflow/dags/test_dag.py    301  0.01s             1           0  0.12s           2025-09-20T17:20:36
================================================================================
[2025-09-20T17:21:36.563+0000] {manager.py:879} INFO - 
================================================================================
DAG File Processing Stats

File Path                        PID  Runtime      # DAGs    # Errors  Last Runtime    Last Run
-----------------------------  -----  ---------  --------  ----------  --------------  -------------------
/opt/airflow/dags/test_dag.py    306  0.01s             1           0  0.11s           2025-09-20T17:21:06
================================================================================
[2025-09-20T17:22:06.716+0000] {manager.py:879} INFO - 
================================================================================
DAG File Processing Stats

File Path                        PID  Runtime      # DAGs    # Errors  Last Runtime    Last Run
-----------------------------  -----  ---------  --------  ----------  --------------  -------------------
/opt/airflow/dags/test_dag.py    311  0.01s             1           0  0.11s           2025-09-20T17:21:36
================================================================================
[2025-09-20T17:22:36.922+0000] {manager.py:879} INFO - 
================================================================================
DAG File Processing Stats

File Path                        PID  Runtime      # DAGs    # Errors  Last Runtime    Last Run
-----------------------------  -----  ---------  --------  ----------  --------------  -------------------
/opt/airflow/dags/test_dag.py    316  0.01s             1           0  0.13s           2025-09-20T17:22:06
================================================================================
[2025-09-20T17:23:07.089+0000] {manager.py:879} INFO - 
================================================================================
DAG File Processing Stats

File Path                        PID  Runtime      # DAGs    # Errors  Last Runtime    Last Run
-----------------------------  -----  ---------  --------  ----------  --------------  -------------------
/opt/airflow/dags/test_dag.py    321  0.01s             1           0  0.11s           2025-09-20T17:22:37
================================================================================
[2025-09-20T17:23:37.265+0000] {manager.py:879} INFO - 
================================================================================
DAG File Processing Stats

File Path                        PID  Runtime      # DAGs    # Errors  Last Runtime    Last Run
-----------------------------  -----  ---------  --------  ----------  --------------  -------------------
/opt/airflow/dags/test_dag.py    326  0.01s             1           0  0.12s           2025-09-20T17:23:07
================================================================================
[2025-09-20T17:24:07.434+0000] {manager.py:879} INFO - 
================================================================================
DAG File Processing Stats

File Path                        PID  Runtime      # DAGs    # Errors  Last Runtime    Last Run
-----------------------------  -----  ---------  --------  ----------  --------------  -------------------
/opt/airflow/dags/test_dag.py    331  0.01s             1           0  0.11s           2025-09-20T17:23:37
================================================================================
[2025-09-20T17:24:37.610+0000] {manager.py:879} INFO - 
================================================================================
DAG File Processing Stats

File Path                        PID  Runtime      # DAGs    # Errors  Last Runtime    Last Run
-----------------------------  -----  ---------  --------  ----------  --------------  -------------------
/opt/airflow/dags/test_dag.py    336  0.01s             1           0  0.11s           2025-09-20T17:24:07
================================================================================
[2025-09-20T17:25:07.779+0000] {manager.py:879} INFO - 
================================================================================
DAG File Processing Stats

File Path                        PID  Runtime      # DAGs    # Errors  Last Runtime    Last Run
-----------------------------  -----  ---------  --------  ----------  --------------  -------------------
/opt/airflow/dags/test_dag.py    341  0.01s             1           0  0.11s           2025-09-20T17:24:37
================================================================================
[2025-09-20T17:25:34.940+0000] {manager.py:738} INFO - Searching for files in /opt/airflow/dags
[2025-09-20T17:25:34.965+0000] {manager.py:741} INFO - There are 2 files in /opt/airflow/dags
[2025-09-20T17:25:38.092+0000] {manager.py:879} INFO - 
================================================================================
DAG File Processing Stats

File Path                                    PID  Runtime      # DAGs    # Errors  Last Runtime    Last Run
-----------------------------------------  -----  ---------  --------  ----------  --------------  -------------------
/opt/airflow/dags/crypto_data_pipeline.py                           1           0  0.51s           2025-09-20T17:25:35
/opt/airflow/dags/test_dag.py                352  0.01s             1           0  0.19s           2025-09-20T17:25:07
================================================================================
[2025-09-20T17:26:08.353+0000] {manager.py:879} INFO - 
================================================================================
DAG File Processing Stats

File Path                                    PID  Runtime      # DAGs    # Errors  Last Runtime    Last Run
-----------------------------------------  -----  ---------  --------  ----------  --------------  -------------------
/opt/airflow/dags/crypto_data_pipeline.py                           1           0  0.38s           2025-09-20T17:26:06
/opt/airflow/dags/test_dag.py                370  0.01s             1           0  0.13s           2025-09-20T17:25:38
================================================================================
[2025-09-20T17:26:38.533+0000] {manager.py:879} INFO - 
================================================================================
DAG File Processing Stats

File Path                                    PID  Runtime      # DAGs    # Errors  Last Runtime    Last Run
-----------------------------------------  -----  ---------  --------  ----------  --------------  -------------------
/opt/airflow/dags/crypto_data_pipeline.py    408  1.03s             1           0  0.38s           2025-09-20T17:26:06
/opt/airflow/dags/test_dag.py                412  0.01s             1           0  0.12s           2025-09-20T17:26:08
================================================================================
[2025-09-20T17:27:08.763+0000] {manager.py:879} INFO - 
================================================================================
DAG File Processing Stats

File Path                                  PID    Runtime      # DAGs    # Errors  Last Runtime    Last Run
-----------------------------------------  -----  ---------  --------  ----------  --------------  -------------------
/opt/airflow/dags/crypto_data_pipeline.py                           1           0  1.60s           2025-09-20T17:26:39
/opt/airflow/dags/test_dag.py                                       1           0  1.37s           2025-09-20T17:26:39
================================================================================
[2025-09-20T17:27:39.278+0000] {manager.py:879} INFO - 
================================================================================
DAG File Processing Stats

File Path                                  PID    Runtime      # DAGs    # Errors  Last Runtime    Last Run
-----------------------------------------  -----  ---------  --------  ----------  --------------  -------------------
/opt/airflow/dags/crypto_data_pipeline.py                           1           0  0.35s           2025-09-20T17:27:10
/opt/airflow/dags/test_dag.py                                       1           0  0.11s           2025-09-20T17:27:10
================================================================================
[2025-09-20T17:28:09.550+0000] {manager.py:879} INFO - 
================================================================================
DAG File Processing Stats

File Path                                  PID    Runtime      # DAGs    # Errors  Last Runtime    Last Run
-----------------------------------------  -----  ---------  --------  ----------  --------------  -------------------
/opt/airflow/dags/crypto_data_pipeline.py                           1           0  0.37s           2025-09-20T17:27:40
/opt/airflow/dags/test_dag.py                                       1           0  0.11s           2025-09-20T17:27:40
================================================================================
[2025-09-20T17:28:39.827+0000] {manager.py:879} INFO - 
================================================================================
DAG File Processing Stats

File Path                                  PID    Runtime      # DAGs    # Errors  Last Runtime    Last Run
-----------------------------------------  -----  ---------  --------  ----------  --------------  -------------------
/opt/airflow/dags/crypto_data_pipeline.py                           1           0  0.38s           2025-09-20T17:28:11
/opt/airflow/dags/test_dag.py                                       1           0  0.11s           2025-09-20T17:28:10
================================================================================
[2025-09-20T17:29:10.134+0000] {manager.py:879} INFO - 
================================================================================
DAG File Processing Stats

File Path                                  PID    Runtime      # DAGs    # Errors  Last Runtime    Last Run
-----------------------------------------  -----  ---------  --------  ----------  --------------  -------------------
/opt/airflow/dags/crypto_data_pipeline.py                           1           0  0.35s           2025-09-20T17:28:42
/opt/airflow/dags/test_dag.py                                       1           0  0.14s           2025-09-20T17:28:40
================================================================================
[2025-09-20T17:29:40.400+0000] {manager.py:879} INFO - 
================================================================================
DAG File Processing Stats

File Path                                  PID    Runtime      # DAGs    # Errors  Last Runtime    Last Run
-----------------------------------------  -----  ---------  --------  ----------  --------------  -------------------
/opt/airflow/dags/crypto_data_pipeline.py                           1           0  0.38s           2025-09-20T17:29:12
/opt/airflow/dags/test_dag.py                                       1           0  0.11s           2025-09-20T17:29:11
================================================================================
[2025-09-20T17:30:10.707+0000] {manager.py:879} INFO - 
================================================================================
DAG File Processing Stats

File Path                                  PID    Runtime      # DAGs    # Errors  Last Runtime    Last Run
-----------------------------------------  -----  ---------  --------  ----------  --------------  -------------------
/opt/airflow/dags/crypto_data_pipeline.py                           1           0  0.37s           2025-09-20T17:29:43
/opt/airflow/dags/test_dag.py                                       1           0  0.15s           2025-09-20T17:29:41
================================================================================
[2025-09-20T17:30:34.955+0000] {manager.py:738} INFO - Searching for files in /opt/airflow/dags
[2025-09-20T17:30:34.984+0000] {manager.py:741} INFO - There are 2 files in /opt/airflow/dags
[2025-09-20T17:30:41.024+0000] {manager.py:879} INFO - 
================================================================================
DAG File Processing Stats

File Path                                  PID    Runtime      # DAGs    # Errors  Last Runtime    Last Run
-----------------------------------------  -----  ---------  --------  ----------  --------------  -------------------
/opt/airflow/dags/crypto_data_pipeline.py                           1           0  0.43s           2025-09-20T17:30:14
/opt/airflow/dags/test_dag.py                                       1           0  0.12s           2025-09-20T17:30:11
================================================================================
[2025-09-20T17:31:11.294+0000] {manager.py:879} INFO - 
================================================================================
DAG File Processing Stats

File Path                                  PID    Runtime      # DAGs    # Errors  Last Runtime    Last Run
-----------------------------------------  -----  ---------  --------  ----------  --------------  -------------------
/opt/airflow/dags/crypto_data_pipeline.py                           1           0  0.40s           2025-09-20T17:30:45
/opt/airflow/dags/test_dag.py                                       1           0  0.12s           2025-09-20T17:30:42
================================================================================
[2025-09-20T17:31:41.541+0000] {manager.py:879} INFO - 
================================================================================
DAG File Processing Stats

File Path                                  PID    Runtime      # DAGs    # Errors  Last Runtime    Last Run
-----------------------------------------  -----  ---------  --------  ----------  --------------  -------------------
/opt/airflow/dags/crypto_data_pipeline.py                           1           0  0.36s           2025-09-20T17:31:16
/opt/airflow/dags/test_dag.py                                       1           0  0.11s           2025-09-20T17:31:12
================================================================================
[2025-09-20T17:32:11.793+0000] {manager.py:879} INFO - 
================================================================================
DAG File Processing Stats

File Path                                  PID    Runtime      # DAGs    # Errors  Last Runtime    Last Run
-----------------------------------------  -----  ---------  --------  ----------  --------------  -------------------
/opt/airflow/dags/crypto_data_pipeline.py                           1           0  0.37s           2025-09-20T17:31:47
/opt/airflow/dags/test_dag.py                                       1           0  0.11s           2025-09-20T17:31:42
================================================================================
[2025-09-20T17:32:42.033+0000] {manager.py:879} INFO - 
================================================================================
DAG File Processing Stats

File Path                                  PID    Runtime      # DAGs    # Errors  Last Runtime    Last Run
-----------------------------------------  -----  ---------  --------  ----------  --------------  -------------------
/opt/airflow/dags/crypto_data_pipeline.py                           1           0  0.35s           2025-09-20T17:32:19
/opt/airflow/dags/test_dag.py                                       1           0  0.11s           2025-09-20T17:32:12
================================================================================
[2025-09-20T17:33:12.332+0000] {manager.py:879} INFO - 
================================================================================
DAG File Processing Stats

File Path                                  PID    Runtime      # DAGs    # Errors  Last Runtime    Last Run
-----------------------------------------  -----  ---------  --------  ----------  --------------  -------------------
/opt/airflow/dags/crypto_data_pipeline.py                           1           0  0.38s           2025-09-20T17:32:49
/opt/airflow/dags/test_dag.py                                       1           0  0.14s           2025-09-20T17:32:43
================================================================================
[2025-09-20T17:33:42.576+0000] {manager.py:879} INFO - 
================================================================================
DAG File Processing Stats

File Path                                  PID    Runtime      # DAGs    # Errors  Last Runtime    Last Run
-----------------------------------------  -----  ---------  --------  ----------  --------------  -------------------
/opt/airflow/dags/crypto_data_pipeline.py                           1           0  0.36s           2025-09-20T17:33:20
/opt/airflow/dags/test_dag.py                                       1           0  0.11s           2025-09-20T17:33:13
================================================================================
[2025-09-20T17:34:12.821+0000] {manager.py:879} INFO - 
================================================================================
DAG File Processing Stats

File Path                                  PID    Runtime      # DAGs    # Errors  Last Runtime    Last Run
-----------------------------------------  -----  ---------  --------  ----------  --------------  -------------------
/opt/airflow/dags/crypto_data_pipeline.py                           1           0  0.38s           2025-09-20T17:33:52
/opt/airflow/dags/test_dag.py                                       1           0  0.10s           2025-09-20T17:33:43
================================================================================
[2025-09-20T17:34:43.067+0000] {manager.py:879} INFO - 
================================================================================
DAG File Processing Stats

File Path                                  PID    Runtime      # DAGs    # Errors  Last Runtime    Last Run
-----------------------------------------  -----  ---------  --------  ----------  --------------  -------------------
/opt/airflow/dags/crypto_data_pipeline.py                           1           0  0.39s           2025-09-20T17:34:23
/opt/airflow/dags/test_dag.py                                       1           0  0.10s           2025-09-20T17:34:13
================================================================================
[2025-09-20T17:35:13.330+0000] {manager.py:879} INFO - 
================================================================================
DAG File Processing Stats

File Path                                  PID    Runtime      # DAGs    # Errors  Last Runtime    Last Run
-----------------------------------------  -----  ---------  --------  ----------  --------------  -------------------
/opt/airflow/dags/crypto_data_pipeline.py                           1           0  0.47s           2025-09-20T17:34:54
/opt/airflow/dags/test_dag.py                                       1           0  0.11s           2025-09-20T17:34:44
================================================================================
[2025-09-20T17:35:35.559+0000] {manager.py:738} INFO - Searching for files in /opt/airflow/dags
[2025-09-20T17:35:35.584+0000] {manager.py:741} INFO - There are 2 files in /opt/airflow/dags
[2025-09-20T17:35:43.631+0000] {manager.py:879} INFO - 
================================================================================
DAG File Processing Stats

File Path                                  PID    Runtime      # DAGs    # Errors  Last Runtime    Last Run
-----------------------------------------  -----  ---------  --------  ----------  --------------  -------------------
/opt/airflow/dags/crypto_data_pipeline.py                           1           0  0.36s           2025-09-20T17:35:25
/opt/airflow/dags/test_dag.py                                       1           0  0.12s           2025-09-20T17:35:14
================================================================================
[2025-09-20T17:36:13.904+0000] {manager.py:879} INFO - 
================================================================================
DAG File Processing Stats

File Path                                  PID    Runtime      # DAGs    # Errors  Last Runtime    Last Run
-----------------------------------------  -----  ---------  --------  ----------  --------------  -------------------
/opt/airflow/dags/crypto_data_pipeline.py                           1           0  0.37s           2025-09-20T17:35:56
/opt/airflow/dags/test_dag.py                                       1           0  0.11s           2025-09-20T17:35:44
================================================================================
[2025-09-20T17:36:44.189+0000] {manager.py:879} INFO - 
================================================================================
DAG File Processing Stats

File Path                                  PID    Runtime      # DAGs    # Errors  Last Runtime    Last Run
-----------------------------------------  -----  ---------  --------  ----------  --------------  -------------------
/opt/airflow/dags/crypto_data_pipeline.py                           1           0  0.62s           2025-09-20T17:36:27
/opt/airflow/dags/test_dag.py                                       1           0  0.12s           2025-09-20T17:36:15
================================================================================
[2025-09-20T17:37:14.469+0000] {manager.py:879} INFO - 
================================================================================
DAG File Processing Stats

File Path                                  PID    Runtime      # DAGs    # Errors  Last Runtime    Last Run
-----------------------------------------  -----  ---------  --------  ----------  --------------  -------------------
/opt/airflow/dags/crypto_data_pipeline.py                           1           0  0.44s           2025-09-20T17:36:58
/opt/airflow/dags/test_dag.py                                       1           0  0.11s           2025-09-20T17:36:45
================================================================================
[2025-09-20T17:37:45.397+0000] {manager.py:879} INFO - 
================================================================================
DAG File Processing Stats

File Path                                  PID    Runtime      # DAGs    # Errors  Last Runtime    Last Run
-----------------------------------------  -----  ---------  --------  ----------  --------------  -------------------
/opt/airflow/dags/crypto_data_pipeline.py                           1           0  0.49s           2025-09-20T17:37:30
/opt/airflow/dags/test_dag.py                                       1           0  0.12s           2025-09-20T17:37:15
================================================================================
[2025-09-20T17:38:15.938+0000] {manager.py:879} INFO - 
================================================================================
DAG File Processing Stats

File Path                                  PID    Runtime      # DAGs    # Errors  Last Runtime    Last Run
-----------------------------------------  -----  ---------  --------  ----------  --------------  -------------------
/opt/airflow/dags/crypto_data_pipeline.py                           1           0  3.28s           2025-09-20T17:38:04
/opt/airflow/dags/test_dag.py                                       1           0  15.51s          2025-09-20T17:38:01
================================================================================
[2025-09-20T17:38:46.207+0000] {manager.py:879} INFO - 
================================================================================
DAG File Processing Stats

File Path                                  PID    Runtime      # DAGs    # Errors  Last Runtime    Last Run
-----------------------------------------  -----  ---------  --------  ----------  --------------  -------------------
/opt/airflow/dags/crypto_data_pipeline.py                           1           0  2.04s           2025-09-20T17:38:37
/opt/airflow/dags/test_dag.py                                       1           0  0.28s           2025-09-20T17:38:32
================================================================================
